\BOOKMARK [1][-]{section*.1}{List of Figures}{}% 1
\BOOKMARK [1][-]{section*.2}{List of Tables}{}% 2
\BOOKMARK [1][-]{section*.3}{Listings}{}% 3
\BOOKMARK [1][-]{section.1}{Introduction}{}% 4
\BOOKMARK [2][-]{subsection.1.1}{Goals}{section.1}% 5
\BOOKMARK [2][-]{subsection.1.2}{Related Work}{section.1}% 6
\BOOKMARK [1][-]{section.2}{Foundations for Our System}{}% 7
\BOOKMARK [2][-]{subsection.2.1}{Hardware Technologies}{section.2}% 8
\BOOKMARK [3][-]{subsubsection.2.1.1}{Raspberry Pi}{subsection.2.1}% 9
\BOOKMARK [3][-]{subsubsection.2.1.2}{Raspberry Pi 3 vs Raspberry Pi 4}{subsection.2.1}% 10
\BOOKMARK [2][-]{subsection.2.2}{Software Technologies}{section.2}% 11
\BOOKMARK [3][-]{subsubsection.2.2.1}{WebRTC}{subsection.2.2}% 12
\BOOKMARK [3][-]{subsubsection.2.2.2}{Docker}{subsection.2.2}% 13
\BOOKMARK [2][-]{subsection.2.3}{Multimedia Frameworks}{section.2}% 14
\BOOKMARK [3][-]{subsubsection.2.3.1}{CVLC}{subsection.2.3}% 15
\BOOKMARK [3][-]{subsubsection.2.3.2}{FFmpeg}{subsection.2.3}% 16
\BOOKMARK [3][-]{subsubsection.2.3.3}{MJPG-Streamer}{subsection.2.3}% 17
\BOOKMARK [3][-]{subsubsection.2.3.4}{GStreamer}{subsection.2.3}% 18
\BOOKMARK [2][-]{subsection.2.4}{Video Codecs}{section.2}% 19
\BOOKMARK [3][-]{subsubsection.2.4.1}{H.264}{subsection.2.4}% 20
\BOOKMARK [3][-]{subsubsection.2.4.2}{MJPEG}{subsection.2.4}% 21
\BOOKMARK [2][-]{subsection.2.5}{Tools}{section.2}% 22
\BOOKMARK [3][-]{subsubsection.2.5.1}{cAdvisor}{subsection.2.5}% 23
\BOOKMARK [3][-]{subsubsection.2.5.2}{Prometheus}{subsection.2.5}% 24
\BOOKMARK [3][-]{subsubsection.2.5.3}{Jupyter Notebook}{subsection.2.5}% 25
\BOOKMARK [2][-]{subsection.2.6}{Versions of Hardware and Software Technologies}{section.2}% 26
\BOOKMARK [1][-]{section.3}{System Architecture and its Working}{}% 27
\BOOKMARK [2][-]{subsection.3.1}{Proposed Architecture for Video Streaming with Raspberry Pi's}{section.3}% 28
\BOOKMARK [1][-]{section.4}{Evaluation of Multimedia Frameworks and Codecs}{}% 29
\BOOKMARK [2][-]{subsection.4.1}{Latency, Quality, and Resolution of Multimedia Frameworks and Codecs}{section.4}% 30
\BOOKMARK [3][-]{subsubsection.4.1.1}{Video Quality and Resolution of Working Video Streams}{subsection.4.1}% 31
\BOOKMARK [2][-]{subsection.4.2}{Utilization Comparison of Working Video Streams}{section.4}% 32
\BOOKMARK [1][-]{section.5}{Conclusion and Future Work}{}% 33
\BOOKMARK [1][-]{section*.22}{Appendix}{}% 34
\BOOKMARK [1][-]{section*.53}{Bibliography}{}% 35
